wear/build/intermediates/manifest_merge_blame_file/debug/processDebugMainManifest/manifest-merger-blame-debug-report.txt
1<?xml version="1.0" encoding="utf-8"?>
2<manifest xmlns:android="http://schemas.android.com/apk/res/android"
3    package="com.ilseon.wear"
4    android:versionCode="1"
5    android:versionName="1.0" >
6
7    <uses-sdk
7-->INJECTED
8        android:minSdkVersion="30"
8-->INJECTED
9        android:targetSdkVersion="36" />
9-->INJECTED
10
11    <uses-feature android:name="android.hardware.type.watch" />
11-->src/main/AndroidManifest.xml:4:5-64
11-->src/main/AndroidManifest.xml:4:19-61
12
13    <uses-permission android:name="android.permission.VIBRATE" />
13-->src/main/AndroidManifest.xml:5:5-65
13-->src/main/AndroidManifest.xml:5:22-63
14
15    <queries>
15-->[androidx.wear.tiles:tiles:1.6.0] AndroidManifest.xml:7:5-11:15
16        <intent>
16-->[androidx.wear.tiles:tiles:1.6.0] AndroidManifest.xml:8:9-10:18
17            <action android:name="androidx.wear.tiles.action.BIND_UPDATE_REQUESTER" />
17-->[androidx.wear.tiles:tiles:1.6.0] AndroidManifest.xml:9:13-87
17-->[androidx.wear.tiles:tiles:1.6.0] AndroidManifest.xml:9:21-84
18        </intent>
19    </queries>
20
21    <permission
21-->[androidx.core:core:1.18.0] AndroidManifest.xml:22:5-24:47
22        android:name="com.ilseon.wear.DYNAMIC_RECEIVER_NOT_EXPORTED_PERMISSION"
22-->[androidx.core:core:1.18.0] AndroidManifest.xml:23:9-81
23        android:protectionLevel="signature" />
23-->[androidx.core:core:1.18.0] AndroidManifest.xml:24:9-44
24
25    <uses-permission android:name="com.ilseon.wear.DYNAMIC_RECEIVER_NOT_EXPORTED_PERMISSION" />
25-->[androidx.core:core:1.18.0] AndroidManifest.xml:26:5-97
25-->[androidx.core:core:1.18.0] AndroidManifest.xml:26:22-94
26
27    <application
27-->src/main/AndroidManifest.xml:7:5-55:19
28        android:allowBackup="true"
28-->src/main/AndroidManifest.xml:8:9-35
29        android:appComponentFactory="androidx.core.app.CoreComponentFactory"
29-->[androidx.core:core:1.18.0] AndroidManifest.xml:28:18-86
30        android:debuggable="true"
31        android:extractNativeLibs="false"
31-->INJECTED
32        android:icon="@mipmap/ic_launcher"
32-->src/main/AndroidManifest.xml:9:9-43
33        android:label="@string/app_name"
33-->src/main/AndroidManifest.xml:10:9-41
34        android:supportsRtl="true"
34-->src/main/AndroidManifest.xml:11:9-35
35        android:testOnly="true"
36        android:theme="@android:style/Theme.DeviceDefault" >
36-->src/main/AndroidManifest.xml:12:9-59
37        <meta-data
37-->src/main/AndroidManifest.xml:13:9-15:37
38            android:name="com.google.android.wearable.standalone"
38-->src/main/AndroidManifest.xml:14:13-66
39            android:value="false" />
39-->src/main/AndroidManifest.xml:15:13-34
40
41        <activity
41-->src/main/AndroidManifest.xml:17:9-26:20
42            android:name="com.ilseon.wear.MainActivity"
42-->src/main/AndroidManifest.xml:18:13-41
43            android:exported="true"
43-->src/main/AndroidManifest.xml:19:13-36
44            android:label="@string/app_name"
44-->src/main/AndroidManifest.xml:20:13-45
45            android:theme="@android:style/Theme.DeviceDefault" >
45-->src/main/AndroidManifest.xml:21:13-63
46            <intent-filter>
46-->src/main/AndroidManifest.xml:22:13-25:29
47                <action android:name="android.intent.action.MAIN" />
47-->src/main/AndroidManifest.xml:23:17-69
47-->src/main/AndroidManifest.xml:23:25-66
48
49                <category android:name="android.intent.category.LAUNCHER" />
49-->src/main/AndroidManifest.xml:24:17-77
49-->src/main/AndroidManifest.xml:24:27-74
50            </intent-filter>
51        </activity>
52
53        <service
53-->src/main/AndroidManifest.xml:28:9-36:19
54            android:name="com.ilseon.wear.tile.PriorityTaskTileService"
54-->src/main/AndroidManifest.xml:29:13-57
55            android:exported="true"
55-->src/main/AndroidManifest.xml:30:13-36
56            android:label="Priority Task"
56-->src/main/AndroidManifest.xml:31:13-42
57            android:permission="com.google.android.wearable.permission.BIND_TILE_PROVIDER" >
57-->src/main/AndroidManifest.xml:32:13-91
58            <intent-filter>
58-->src/main/AndroidManifest.xml:33:13-35:29
59                <action android:name="androidx.wear.tiles.action.BIND_TILE_PROVIDER" />
59-->src/main/AndroidManifest.xml:34:17-88
59-->src/main/AndroidManifest.xml:34:25-85
60            </intent-filter>
61        </service>
62        <service
62-->src/main/AndroidManifest.xml:38:9-53:19
63            android:name="com.ilseon.wear.complication.StartRecordingComplicationService"
63-->src/main/AndroidManifest.xml:39:13-75
64            android:exported="true"
64-->src/main/AndroidManifest.xml:40:13-36
65            android:label="Start Recording"
65-->src/main/AndroidManifest.xml:41:13-44
66            android:permission="com.google.android.wearable.permission.BIND_COMPLICATION_DATA_SOURCE" >
66-->src/main/AndroidManifest.xml:42:13-102
67            <intent-filter>
67-->src/main/AndroidManifest.xml:43:13-45:29
68                <action android:name="androidx.wear.watchface.complications.datasource.ComplicationDataSourceService.ACTION_COMPLICATION_DATA_SOURCE_UPDATE" />
68-->src/main/AndroidManifest.xml:44:17-160
68-->src/main/AndroidManifest.xml:44:25-157
69            </intent-filter>
70
71            <meta-data
71-->src/main/AndroidManifest.xml:47:13-49:46
72                android:name="android.support.wearable.complications.SUPPORTED_TYPES"
72-->src/main/AndroidManifest.xml:48:17-86
73                android:value="SHORT_TEXT" />
73-->src/main/AndroidManifest.xml:49:17-43
74            <meta-data
74-->src/main/AndroidManifest.xml:50:13-52:37
75                android:name="android.support.wearable.complications.UPDATE_PERIOD_SECONDS"
75-->src/main/AndroidManifest.xml:51:17-92
76                android:value="0" />
76-->src/main/AndroidManifest.xml:52:17-34
77        </service>
78
79        <uses-library
79-->[androidx.wear.compose:compose-foundation:1.6.0] AndroidManifest.xml:23:9-25:40
80            android:name="wear-sdk"
80-->[androidx.wear.compose:compose-foundation:1.6.0] AndroidManifest.xml:24:13-36
81            android:required="false" />
81-->[androidx.wear.compose:compose-foundation:1.6.0] AndroidManifest.xml:25:13-37
82
83        <activity
83-->[androidx.compose.ui:ui-tooling-android:1.10.6] AndroidManifest.xml:23:9-25:39
84            android:name="androidx.compose.ui.tooling.PreviewActivity"
84-->[androidx.compose.ui:ui-tooling-android:1.10.6] AndroidManifest.xml:24:13-71
85            android:exported="true" />
85-->[androidx.compose.ui:ui-tooling-android:1.10.6] AndroidManifest.xml:25:13-36
86
87        <uses-library
87-->[androidx.wear.watchface:watchface-complications-data:1.3.0] AndroidManifest.xml:8:9-10:40
88            android:name="com.google.android.wearable"
88-->[androidx.wear.watchface:watchface-complications-data:1.3.0] AndroidManifest.xml:9:13-55
89            android:required="false" />
89-->[androidx.wear.watchface:watchface-complications-data:1.3.0] AndroidManifest.xml:10:13-37
90
91        <activity
91-->[com.google.android.gms:play-services-base:18.5.0] AndroidManifest.xml:5:9-173
92            android:name="com.google.android.gms.common.api.GoogleApiActivity"
92-->[com.google.android.gms:play-services-base:18.5.0] AndroidManifest.xml:5:19-85
93            android:exported="false"
93-->[com.google.android.gms:play-services-base:18.5.0] AndroidManifest.xml:5:146-170
94            android:theme="@android:style/Theme.Translucent.NoTitleBar" />
94-->[com.google.android.gms:play-services-base:18.5.0] AndroidManifest.xml:5:86-145
95
96        <meta-data
96-->[com.google.android.gms:play-services-basement:18.4.0] AndroidManifest.xml:6:9-122
97            android:name="com.google.android.gms.version"
97-->[com.google.android.gms:play-services-basement:18.4.0] AndroidManifest.xml:6:20-65
98            android:value="@integer/google_play_services_version" />
98-->[com.google.android.gms:play-services-basement:18.4.0] AndroidManifest.xml:6:66-119
99
100        <uses-library
100-->[androidx.window:window:1.5.0] AndroidManifest.xml:23:9-25:40
101            android:name="androidx.window.extensions"
101-->[androidx.window:window:1.5.0] AndroidManifest.xml:24:13-54
102            android:required="false" />
102-->[androidx.window:window:1.5.0] AndroidManifest.xml:25:13-37
103        <uses-library
103-->[androidx.window:window:1.5.0] AndroidManifest.xml:26:9-28:40
104            android:name="androidx.window.sidecar"
104-->[androidx.window:window:1.5.0] AndroidManifest.xml:27:13-51
105            android:required="false" />
105-->[androidx.window:window:1.5.0] AndroidManifest.xml:28:13-37
106
107        <provider
107-->[androidx.emoji2:emoji2:1.4.0] AndroidManifest.xml:24:9-32:20
108            android:name="androidx.startup.InitializationProvider"
108-->[androidx.emoji2:emoji2:1.4.0] AndroidManifest.xml:25:13-67
109            android:authorities="com.ilseon.wear.androidx-startup"
109-->[androidx.emoji2:emoji2:1.4.0] AndroidManifest.xml:26:13-68
110            android:exported="false" >
110-->[androidx.emoji2:emoji2:1.4.0] AndroidManifest.xml:27:13-37
111            <meta-data
111-->[androidx.emoji2:emoji2:1.4.0] AndroidManifest.xml:29:13-31:52
112                android:name="androidx.emoji2.text.EmojiCompatInitializer"
112-->[androidx.emoji2:emoji2:1.4.0] AndroidManifest.xml:30:17-75
113                android:value="androidx.startup" />
113-->[androidx.emoji2:emoji2:1.4.0] AndroidManifest.xml:31:17-49
114            <meta-data
114-->[androidx.lifecycle:lifecycle-process:2.9.4] AndroidManifest.xml:29:13-31:52
115                android:name="androidx.lifecycle.ProcessLifecycleInitializer"
115-->[androidx.lifecycle:lifecycle-process:2.9.4] AndroidManifest.xml:30:17-78
116                android:value="androidx.startup" />
116-->[androidx.lifecycle:lifecycle-process:2.9.4] AndroidManifest.xml:31:17-49
117            <meta-data
117-->[androidx.profileinstaller:profileinstaller:1.4.0] AndroidManifest.xml:29:13-31:52
118                android:name="androidx.profileinstaller.ProfileInstallerInitializer"
118-->[androidx.profileinstaller:profileinstaller:1.4.0] AndroidManifest.xml:30:17-85
119                android:value="androidx.startup" />
119-->[androidx.profileinstaller:profileinstaller:1.4.0] AndroidManifest.xml:31:17-49
120        </provider>
121
122        <receiver
122-->[androidx.profileinstaller:profileinstaller:1.4.0] AndroidManifest.xml:34:9-52:20
123            android:name="androidx.profileinstaller.ProfileInstallReceiver"
123-->[androidx.profileinstaller:profileinstaller:1.4.0] AndroidManifest.xml:35:13-76
124            android:directBootAware="false"
124-->[androidx.profileinstaller:profileinstaller:1.4.0] AndroidManifest.xml:36:13-44
125            android:enabled="true"
125-->[androidx.profileinstaller:profileinstaller:1.4.0] AndroidManifest.xml:37:13-35
126            android:exported="true"
126-->[androidx.profileinstaller:profileinstaller:1.4.0] AndroidManifest.xml:38:13-36
127            android:permission="android.permission.DUMP" >
127-->[androidx.profileinstaller:profileinstaller:1.4.0] AndroidManifest.xml:39:13-57
128            <intent-filter>
128-->[androidx.profileinstaller:profileinstaller:1.4.0] AndroidManifest.xml:40:13-42:29
129                <action android:name="androidx.profileinstaller.action.INSTALL_PROFILE" />
129-->[androidx.profileinstaller:profileinstaller:1.4.0] AndroidManifest.xml:41:17-91
129-->[androidx.profileinstaller:profileinstaller:1.4.0] AndroidManifest.xml:41:25-88
130            </intent-filter>
131            <intent-filter>
131-->[androidx.profileinstaller:profileinstaller:1.4.0] AndroidManifest.xml:43:13-45:29
132                <action android:name="androidx.profileinstaller.action.SKIP_FILE" />
132-->[androidx.profileinstaller:profileinstaller:1.4.0] AndroidManifest.xml:44:17-85
132-->[androidx.profileinstaller:profileinstaller:1.4.0] AndroidManifest.xml:44:25-82
133            </intent-filter>
134            <intent-filter>
134-->[androidx.profileinstaller:profileinstaller:1.4.0] AndroidManifest.xml:46:13-48:29
135                <action android:name="androidx.profileinstaller.action.SAVE_PROFILE" />
135-->[androidx.profileinstaller:profileinstaller:1.4.0] AndroidManifest.xml:47:17-88
135-->[androidx.profileinstaller:profileinstaller:1.4.0] AndroidManifest.xml:47:25-85
136            </intent-filter>
137            <intent-filter>
137-->[androidx.profileinstaller:profileinstaller:1.4.0] AndroidManifest.xml:49:13-51:29
138                <action android:name="androidx.profileinstaller.action.BENCHMARK_OPERATION" />
138-->[androidx.profileinstaller:profileinstaller:1.4.0] AndroidManifest.xml:50:17-95
138-->[androidx.profileinstaller:profileinstaller:1.4.0] AndroidManifest.xml:50:25-92
139            </intent-filter>
140        </receiver>
141    </application>
142
143</manifest>